22:45:34:599  INFO 13020 --- [main] com.hmall.HMallApplication               : Starting HMallApplication using Java 11.0.22 on DESKTOP-3NGVDL6 with PID 13020 (C:\Users\ryanw\IdeaProjects\Java\Phase04\MicroServiceNew\MicroService\hmall\hm-service\target\classes started by ryanw in C:\Users\ryanw\IdeaProjects\Java\Phase04\MicroServiceNew\MicroService\hmall)
22:45:34:603 DEBUG 13020 --- [main] com.hmall.HMallApplication               : Running with Spring Boot v2.7.12, Spring v5.3.27
22:45:34:604  INFO 13020 --- [main] com.hmall.HMallApplication               : The following 1 profile is active: "local"
22:45:35:883  INFO 13020 --- [main] .s.d.r.c.RepositoryConfigurationDelegate : Multiple Spring Data modules found, entering strict repository configuration mode
22:45:35:887  INFO 13020 --- [main] .s.d.r.c.RepositoryConfigurationDelegate : Bootstrapping Spring Data Redis repositories in DEFAULT mode.
22:45:35:935  INFO 13020 --- [main] .s.d.r.c.RepositoryConfigurationDelegate : Finished Spring Data repository scanning in 23 ms. Found 0 Redis repository interfaces.
22:45:36:658  INFO 13020 --- [main] o.s.b.w.embedded.tomcat.TomcatWebServer  : Tomcat initialized with port(s): 8080 (http)
22:45:36:672  INFO 13020 --- [main] o.apache.catalina.core.StandardService   : Starting service [Tomcat]
22:45:36:673  INFO 13020 --- [main] org.apache.catalina.core.StandardEngine  : Starting Servlet engine: [Apache Tomcat/9.0.75]
22:45:36:849  INFO 13020 --- [main] o.a.c.c.C.[Tomcat].[localhost].[/]       : Initializing Spring embedded WebApplicationContext
22:45:36:850  INFO 13020 --- [main] w.s.c.ServletWebServerApplicationContext : Root WebApplicationContext: initialization completed in 2188 ms
22:45:40:994  INFO 13020 --- [main] pertySourcedRequestMappingHandlerMapping : Mapped URL path [/v2/api-docs] onto method [springfox.documentation.swagger2.web.Swagger2ControllerWebMvc#getDocumentation(String, HttpServletRequest)]
22:45:41:696  INFO 13020 --- [main] o.s.b.w.embedded.tomcat.TomcatWebServer  : Tomcat started on port(s): 8080 (http) with context path ''
22:45:41:697  INFO 13020 --- [main] d.s.w.p.DocumentationPluginsBootstrapper : Documentation plugins bootstrapped
22:45:41:701  INFO 13020 --- [main] d.s.w.p.DocumentationPluginsBootstrapper : Found 1 custom documentation plugin(s)
22:45:41:741  INFO 13020 --- [main] s.d.s.w.s.ApiListingReferenceScanner     : Scanning for api listing references
22:45:41:963  INFO 13020 --- [main] com.hmall.HMallApplication               : Started HMallApplication in 7.884 seconds (JVM running for 8.96)
23:12:14:313  INFO 3984 --- [main] com.hmall.HMallApplication               : Starting HMallApplication using Java 11.0.22 on DESKTOP-3NGVDL6 with PID 3984 (C:\Users\ryanw\IdeaProjects\Java\Phase04\MicroServiceNew\MicroService\hmall\hm-service\target\classes started by ryanw in C:\Users\ryanw\IdeaProjects\Java\Phase04\MicroServiceNew\MicroService\hmall)
23:12:14:328 DEBUG 3984 --- [main] com.hmall.HMallApplication               : Running with Spring Boot v2.7.12, Spring v5.3.27
23:12:14:328  INFO 3984 --- [main] com.hmall.HMallApplication               : The following 1 profile is active: "local"
23:12:15:510  INFO 3984 --- [main] .s.d.r.c.RepositoryConfigurationDelegate : Multiple Spring Data modules found, entering strict repository configuration mode
23:12:15:515  INFO 3984 --- [main] .s.d.r.c.RepositoryConfigurationDelegate : Bootstrapping Spring Data Redis repositories in DEFAULT mode.
23:12:15:585  INFO 3984 --- [main] .s.d.r.c.RepositoryConfigurationDelegate : Finished Spring Data repository scanning in 32 ms. Found 0 Redis repository interfaces.
23:12:16:545  INFO 3984 --- [main] o.s.b.w.embedded.tomcat.TomcatWebServer  : Tomcat initialized with port(s): 8080 (http)
23:12:16:562  INFO 3984 --- [main] o.apache.catalina.core.StandardService   : Starting service [Tomcat]
23:12:16:562  INFO 3984 --- [main] org.apache.catalina.core.StandardEngine  : Starting Servlet engine: [Apache Tomcat/9.0.75]
23:12:16:750  INFO 3984 --- [main] o.a.c.c.C.[Tomcat].[localhost].[/]       : Initializing Spring embedded WebApplicationContext
23:12:16:751  INFO 3984 --- [main] w.s.c.ServletWebServerApplicationContext : Root WebApplicationContext: initialization completed in 2375 ms
23:12:21:574  INFO 3984 --- [main] pertySourcedRequestMappingHandlerMapping : Mapped URL path [/v2/api-docs] onto method [springfox.documentation.swagger2.web.Swagger2ControllerWebMvc#getDocumentation(String, HttpServletRequest)]
23:12:22:751  INFO 3984 --- [main] o.s.b.w.embedded.tomcat.TomcatWebServer  : Tomcat started on port(s): 8080 (http) with context path ''
23:12:22:754  INFO 3984 --- [main] d.s.w.p.DocumentationPluginsBootstrapper : Documentation plugins bootstrapped
23:12:22:762  INFO 3984 --- [main] d.s.w.p.DocumentationPluginsBootstrapper : Found 1 custom documentation plugin(s)
23:12:22:839  INFO 3984 --- [main] s.d.s.w.s.ApiListingReferenceScanner     : Scanning for api listing references
23:12:23:337  INFO 3984 --- [main] com.hmall.HMallApplication               : Started HMallApplication in 9.455 seconds (JVM running for 10.241)
