11:46:04:792  INFO 3820 --- [main] com.hmall.item.ItemApplication           : Starting ItemApplication using Java 11.0.22 on DESKTOP-3NGVDL6 with PID 3820 (C:\Users\ryanw\IdeaProjects\Java\Phase04\MicroServiceNew\MicroService\hmall\item-service\target\classes started by ryanw in C:\Users\ryanw\IdeaProjects\Java\Phase04\MicroServiceNew\MicroService\hmall)
11:46:04:818 DEBUG 3820 --- [main] com.hmall.item.ItemApplication           : Running with Spring Boot v2.7.12, Spring v5.3.27
11:46:04:818  INFO 3820 --- [main] com.hmall.item.ItemApplication           : The following 1 profile is active: "local"
11:46:06:122  INFO 3820 --- [main] o.s.b.w.embedded.tomcat.TomcatWebServer  : Tomcat initialized with port(s): 8081 (http)
11:46:06:134  INFO 3820 --- [main] o.apache.catalina.core.StandardService   : Starting service [Tomcat]
11:46:06:135  INFO 3820 --- [main] org.apache.catalina.core.StandardEngine  : Starting Servlet engine: [Apache Tomcat/9.0.75]
11:46:06:258  INFO 3820 --- [main] o.a.c.c.C.[Tomcat].[localhost].[/]       : Initializing Spring embedded WebApplicationContext
11:46:06:258  INFO 3820 --- [main] w.s.c.ServletWebServerApplicationContext : Root WebApplicationContext: initialization completed in 1378 ms
11:46:07:215  INFO 3820 --- [main] pertySourcedRequestMappingHandlerMapping : Mapped URL path [/v2/api-docs] onto method [springfox.documentation.swagger2.web.Swagger2ControllerWebMvc#getDocumentation(String, HttpServletRequest)]
11:46:07:288  INFO 3820 --- [main] o.s.b.w.embedded.tomcat.TomcatWebServer  : Tomcat started on port(s): 8081 (http) with context path ''
11:46:07:289  INFO 3820 --- [main] d.s.w.p.DocumentationPluginsBootstrapper : Documentation plugins bootstrapped
11:46:07:292  INFO 3820 --- [main] d.s.w.p.DocumentationPluginsBootstrapper : Found 1 custom documentation plugin(s)
11:46:07:314  INFO 3820 --- [main] s.d.s.w.s.ApiListingReferenceScanner     : Scanning for api listing references
11:46:07:437  INFO 3820 --- [main] com.hmall.item.ItemApplication           : Started ItemApplication in 3.226 seconds (JVM running for 4.222)
11:46:39:828  INFO 3820 --- [http-nio-8081-exec-3] o.a.c.c.C.[Tomcat].[localhost].[/]       : Initializing Spring DispatcherServlet 'dispatcherServlet'
11:46:39:828  INFO 3820 --- [http-nio-8081-exec-3] o.s.web.servlet.DispatcherServlet        : Initializing Servlet 'dispatcherServlet'
11:46:39:828  INFO 3820 --- [http-nio-8081-exec-3] o.s.web.servlet.DispatcherServlet        : Completed initialization in 0 ms
11:46:39:912  WARN 3820 --- [http-nio-8081-exec-3] .w.s.m.s.DefaultHandlerExceptionResolver : Resolved [org.springframework.web.method.annotation.MethodArgumentTypeMismatchException: Failed to convert value of type 'java.lang.String' to required type 'java.lang.Long'; nested exception is java.lang.NumberFormatException: For input string: "ids=100000006163"]
11:49:45:607  INFO 3820 --- [http-nio-8081-exec-1] com.zaxxer.hikari.HikariDataSource       : HikariPool-1 - Starting...
11:49:46:111  INFO 3820 --- [http-nio-8081-exec-1] com.zaxxer.hikari.HikariDataSource       : HikariPool-1 - Start completed.
11:49:46:122 DEBUG 3820 --- [http-nio-8081-exec-1] c.h.i.mapper.ItemMapper.selectBatchIds   : ==>  Preparing: SELECT id,name,price,stock,image,category,brand,spec,sold,comment_count,isAD,status,create_time,update_time,creater,updater FROM item WHERE id IN ( ? )
11:49:46:140 DEBUG 3820 --- [http-nio-8081-exec-1] c.h.i.mapper.ItemMapper.selectBatchIds   : ==> Parameters: 100000006163(Long)
11:49:46:190 DEBUG 3820 --- [http-nio-8081-exec-1] c.h.i.mapper.ItemMapper.selectBatchIds   : <==      Total: 1
11:50:19:581  INFO 3820 --- [SpringApplicationShutdownHook] com.zaxxer.hikari.HikariDataSource       : HikariPool-1 - Shutdown initiated...
11:50:19:597  INFO 3820 --- [SpringApplicationShutdownHook] com.zaxxer.hikari.HikariDataSource       : HikariPool-1 - Shutdown completed.
